{"/home/mairon/projetos/clean-node-api/src/data/usecases/add-account/db-add-account-protocols.ts": {"path":"/home/mairon/projetos/clean-node-api/src/data/usecases/add-account/db-add-account-protocols.ts","statementMap":{"0":{"start":{"line":1,"column":0},"end":{"line":1,"column":47}},"1":{"start":{"line":2,"column":0},"end":{"line":2,"column":53}},"2":{"start":{"line":3,"column":0},"end":{"line":3,"column":42}}},"fnMap":{},"branchMap":{},"s":{"0":0,"1":0,"2":0},"f":{},"b":{}}
,"/home/mairon/projetos/clean-node-api/src/data/usecases/add-account/db-add-account.ts": {"path":"/home/mairon/projetos/clean-node-api/src/data/usecases/add-account/db-add-account.ts","statementMap":{"0":{"start":{"line":11,"column":21},"end":{"line":11,"column":41}},"1":{"start":{"line":12,"column":21},"end":{"line":12,"column":63}},"2":{"start":{"line":16,"column":27},"end":{"line":16,"column":77}},"3":{"start":{"line":17,"column":20},"end":{"line":20,"column":6}},"4":{"start":{"line":21,"column":4},"end":{"line":21,"column":19}},"5":{"start":{"line":9,"column":0},"end":{"line":9,"column":13}}},"fnMap":{"0":{"name":"(anonymous_0)","decl":{"start":{"line":10,"column":2},"end":{"line":10,"column":null}},"loc":{"start":{"line":12,"column":63},"end":{"line":13,"column":6}}},"1":{"name":"(anonymous_1)","decl":{"start":{"line":15,"column":2},"end":{"line":15,"column":7}},"loc":{"start":{"line":15,"column":40},"end":{"line":22,"column":3}}}},"branchMap":{},"s":{"0":9,"1":9,"2":6,"3":5,"4":4,"5":5},"f":{"0":9,"1":6},"b":{}}
,"/home/mairon/projetos/clean-node-api/src/infra/cryptography/bcrypt-adapter.ts": {"path":"/home/mairon/projetos/clean-node-api/src/infra/cryptography/bcrypt-adapter.ts","statementMap":{"0":{"start":{"line":2,"column":0},"end":{"line":2,"column":28}},"1":{"start":{"line":5,"column":31},"end":{"line":5,"column":43}},"2":{"start":{"line":7,"column":17},"end":{"line":7,"column":52}},"3":{"start":{"line":8,"column":4},"end":{"line":8,"column":16}},"4":{"start":{"line":4,"column":0},"end":{"line":4,"column":13}}},"fnMap":{"0":{"name":"(anonymous_1)","decl":{"start":{"line":5,"column":2},"end":{"line":5,"column":31}},"loc":{"start":{"line":5,"column":43},"end":{"line":5,"column":47}}},"1":{"name":"(anonymous_2)","decl":{"start":{"line":6,"column":2},"end":{"line":6,"column":7}},"loc":{"start":{"line":6,"column":29},"end":{"line":9,"column":3}}}},"branchMap":{},"s":{"0":5,"1":7,"2":4,"3":3,"4":5},"f":{"0":7,"1":4},"b":{}}
,"/home/mairon/projetos/clean-node-api/src/infra/db/mongodb/account-repository/account-mapper.ts": {"path":"/home/mairon/projetos/clean-node-api/src/infra/db/mongodb/account-repository/account-mapper.ts","statementMap":{"0":{"start":{"line":2,"column":0},"end":{"line":2,"column":53}},"1":{"start":{"line":3,"column":0},"end":{"line":3,"column":55}},"2":{"start":{"line":5,"column":19},"end":{"line":23,"column":1}},"3":{"start":{"line":6,"column":28},"end":{"line":6,"column":71}},"4":{"start":{"line":7,"column":17},"end":{"line":9,"column":4}},"5":{"start":{"line":11,"column":2},"end":{"line":13,"column":null}},"6":{"start":{"line":12,"column":4},"end":{"line":12,"column":56}},"7":{"start":{"line":15,"column":18},"end":{"line":20,"column":4}},"8":{"start":{"line":22,"column":2},"end":{"line":22,"column":17}},"9":{"start":{"line":5,"column":13},"end":{"line":5,"column":19}}},"fnMap":{"0":{"name":"(anonymous_0)","decl":{"start":{"line":5,"column":19},"end":{"line":5,"column":24}},"loc":{"start":{"line":5,"column":68},"end":{"line":23,"column":1}}}},"branchMap":{"0":{"loc":{"start":{"line":11,"column":2},"end":{"line":13,"column":null}},"type":"if","locations":[{"start":{"line":11,"column":2},"end":{"line":13,"column":null}}]},"1":{"loc":{"start":{"line":16,"column":8},"end":{"line":16,"column":35}},"type":"cond-expr","locations":[{"start":{"line":16,"column":29},"end":{"line":16,"column":33}},{"start":{"line":16,"column":33},"end":{"line":16,"column":35}}]},"2":{"loc":{"start":{"line":16,"column":8},"end":{"line":16,"column":33}},"type":"binary-expr","locations":[{"start":{"line":16,"column":8},"end":{"line":16,"column":33}},{"start":{"line":16,"column":29},"end":{"line":16,"column":33}}]}},"s":{"0":5,"1":5,"2":5,"3":2,"4":2,"5":2,"6":0,"7":2,"8":2,"9":5},"f":{"0":2},"b":{"0":[0],"1":[2,0],"2":[2,2]}}
,"/home/mairon/projetos/clean-node-api/src/infra/db/mongodb/account-repository/account.ts": {"path":"/home/mairon/projetos/clean-node-api/src/infra/db/mongodb/account-repository/account.ts","statementMap":{"0":{"start":{"line":7,"column":0},"end":{"line":7,"column":55}},"1":{"start":{"line":8,"column":0},"end":{"line":8,"column":39}},"2":{"start":{"line":12,"column":30},"end":{"line":12,"column":73}},"3":{"start":{"line":13,"column":27},"end":{"line":13,"column":73}},"4":{"start":{"line":14,"column":4},"end":{"line":14,"column":33}},"5":{"start":{"line":10,"column":0},"end":{"line":10,"column":13}}},"fnMap":{"0":{"name":"(anonymous_0)","decl":{"start":{"line":11,"column":2},"end":{"line":11,"column":7}},"loc":{"start":{"line":11,"column":40},"end":{"line":15,"column":3}}}},"branchMap":{},"s":{"0":5,"1":5,"2":2,"3":2,"4":2,"5":5},"f":{"0":2},"b":{}}
,"/home/mairon/projetos/clean-node-api/src/infra/db/mongodb/helpers/mongo-helpers.ts": {"path":"/home/mairon/projetos/clean-node-api/src/infra/db/mongodb/helpers/mongo-helpers.ts","statementMap":{"0":{"start":{"line":1,"column":0},"end":{"line":1,"column":50}},"1":{"start":{"line":3,"column":13},"end":{"line":21,"column":2}},"2":{"start":{"line":8,"column":4},"end":{"line":8,"column":19}},"3":{"start":{"line":9,"column":4},"end":{"line":9,"column":49}},"4":{"start":{"line":13,"column":4},"end":{"line":13,"column":30}},"5":{"start":{"line":16,"column":4},"end":{"line":18,"column":null}},"6":{"start":{"line":17,"column":6},"end":{"line":17,"column":35}},"7":{"start":{"line":19,"column":4},"end":{"line":19,"column":45}}},"fnMap":{"0":{"name":"(anonymous_0)","decl":{"start":{"line":7,"column":2},"end":{"line":7,"column":7}},"loc":{"start":{"line":7,"column":27},"end":{"line":10,"column":3}}},"1":{"name":"(anonymous_1)","decl":{"start":{"line":12,"column":2},"end":{"line":12,"column":7}},"loc":{"start":{"line":12,"column":18},"end":{"line":14,"column":3}}},"2":{"name":"(anonymous_2)","decl":{"start":{"line":15,"column":2},"end":{"line":15,"column":7}},"loc":{"start":{"line":15,"column":34},"end":{"line":20,"column":3}}}},"branchMap":{"0":{"loc":{"start":{"line":16,"column":4},"end":{"line":18,"column":null}},"type":"if","locations":[{"start":{"line":16,"column":4},"end":{"line":18,"column":null}}]}},"s":{"0":7,"1":7,"2":4,"3":4,"4":5,"5":9,"6":0,"7":9},"f":{"0":4,"1":5,"2":9},"b":{"0":[0]}}
,"/home/mairon/projetos/clean-node-api/src/infra/db/mongodb/log-repository/log-error.ts": {"path":"/home/mairon/projetos/clean-node-api/src/infra/db/mongodb/log-repository/log-error.ts","statementMap":{"0":{"start":{"line":2,"column":0},"end":{"line":2,"column":55}},"1":{"start":{"line":6,"column":30},"end":{"line":6,"column":71}},"2":{"start":{"line":7,"column":4},"end":{"line":7,"column":56}},"3":{"start":{"line":4,"column":0},"end":{"line":4,"column":13}}},"fnMap":{"0":{"name":"(anonymous_0)","decl":{"start":{"line":5,"column":2},"end":{"line":5,"column":7}},"loc":{"start":{"line":5,"column":25},"end":{"line":8,"column":3}}}},"branchMap":{},"s":{"0":5,"1":1,"2":1,"3":5},"f":{"0":1},"b":{}}
,"/home/mairon/projetos/clean-node-api/src/infra/errors/index.ts": {"path":"/home/mairon/projetos/clean-node-api/src/infra/errors/index.ts","statementMap":{"0":{"start":{"line":1,"column":0},"end":{"line":1,"column":33}}},"fnMap":{},"branchMap":{},"s":{"0":5},"f":{},"b":{}}
,"/home/mairon/projetos/clean-node-api/src/infra/errors/invalid-search.ts": {"path":"/home/mairon/projetos/clean-node-api/src/infra/errors/invalid-search.ts","statementMap":{"0":{"start":{"line":3,"column":4},"end":{"line":3,"column":41}},"1":{"start":{"line":4,"column":4},"end":{"line":4,"column":36}},"2":{"start":{"line":1,"column":0},"end":{"line":1,"column":13}}},"fnMap":{"0":{"name":"(anonymous_0)","decl":{"start":{"line":2,"column":2},"end":{"line":2,"column":14}},"loc":{"start":{"line":2,"column":31},"end":{"line":5,"column":3}}}},"branchMap":{},"s":{"0":0,"1":0,"2":5},"f":{"0":0},"b":{}}
,"/home/mairon/projetos/clean-node-api/src/presentation/controllers/signup/index.ts": {"path":"/home/mairon/projetos/clean-node-api/src/presentation/controllers/signup/index.ts","statementMap":{"0":{"start":{"line":1,"column":0},"end":{"line":1,"column":67}},"1":{"start":{"line":2,"column":0},"end":{"line":2,"column":null}},"2":{"start":{"line":18,"column":21},"end":{"line":18,"column":51}},"3":{"start":{"line":19,"column":21},"end":{"line":19,"column":43}},"4":{"start":{"line":23,"column":4},"end":{"line":55,"column":null}},"5":{"start":{"line":24,"column":62},"end":{"line":24,"column":74}},"6":{"start":{"line":25,"column":29},"end":{"line":30,"column":8}},"7":{"start":{"line":32,"column":6},"end":{"line":36,"column":null}},"8":{"start":{"line":33,"column":8},"end":{"line":35,"column":null}},"9":{"start":{"line":34,"column":10},"end":{"line":34,"column":58}},"10":{"start":{"line":37,"column":27},"end":{"line":37,"column":62}},"11":{"start":{"line":39,"column":6},"end":{"line":41,"column":null}},"12":{"start":{"line":40,"column":8},"end":{"line":40,"column":58}},"13":{"start":{"line":43,"column":6},"end":{"line":45,"column":null}},"14":{"start":{"line":44,"column":8},"end":{"line":44,"column":73}},"15":{"start":{"line":47,"column":22},"end":{"line":51,"column":8}},"16":{"start":{"line":52,"column":6},"end":{"line":52,"column":25}},"17":{"start":{"line":54,"column":6},"end":{"line":54,"column":38}},"18":{"start":{"line":16,"column":0},"end":{"line":16,"column":13}}},"fnMap":{"0":{"name":"(anonymous_0)","decl":{"start":{"line":17,"column":2},"end":{"line":17,"column":null}},"loc":{"start":{"line":19,"column":43},"end":{"line":20,"column":6}}},"1":{"name":"(anonymous_1)","decl":{"start":{"line":22,"column":2},"end":{"line":22,"column":7}},"loc":{"start":{"line":22,"column":35},"end":{"line":56,"column":3}}}},"branchMap":{"0":{"loc":{"start":{"line":33,"column":8},"end":{"line":35,"column":null}},"type":"if","locations":[{"start":{"line":33,"column":8},"end":{"line":35,"column":null}}]},"1":{"loc":{"start":{"line":39,"column":6},"end":{"line":41,"column":null}},"type":"if","locations":[{"start":{"line":39,"column":6},"end":{"line":41,"column":null}}]},"2":{"loc":{"start":{"line":43,"column":6},"end":{"line":45,"column":null}},"type":"if","locations":[{"start":{"line":43,"column":6},"end":{"line":45,"column":null}}]}},"s":{"0":5,"1":5,"2":15,"3":15,"4":12,"5":12,"6":12,"7":12,"8":42,"9":4,"10":8,"11":7,"12":1,"13":6,"14":1,"15":5,"16":4,"17":2,"18":5},"f":{"0":15,"1":12},"b":{"0":[4],"1":[1],"2":[1]}}
,"/home/mairon/projetos/clean-node-api/src/presentation/controllers/signup/signup-protocols.ts": {"path":"/home/mairon/projetos/clean-node-api/src/presentation/controllers/signup/signup-protocols.ts","statementMap":{"0":{"start":{"line":2,"column":0},"end":{"line":2,"column":32}},"1":{"start":{"line":3,"column":0},"end":{"line":3,"column":48}},"2":{"start":{"line":4,"column":0},"end":{"line":4,"column":53}},"3":{"start":{"line":5,"column":0},"end":{"line":5,"column":47}}},"fnMap":{},"branchMap":{},"s":{"0":0,"1":0,"2":0,"3":0},"f":{},"b":{}}
,"/home/mairon/projetos/clean-node-api/src/presentation/error/index.ts": {"path":"/home/mairon/projetos/clean-node-api/src/presentation/error/index.ts","statementMap":{"0":{"start":{"line":1,"column":0},"end":{"line":1,"column":38}},"1":{"start":{"line":2,"column":0},"end":{"line":2,"column":38}},"2":{"start":{"line":3,"column":0},"end":{"line":3,"column":31}}},"fnMap":{},"branchMap":{},"s":{"0":6,"1":6,"2":6},"f":{},"b":{}}
,"/home/mairon/projetos/clean-node-api/src/presentation/error/invalid-param-error.ts": {"path":"/home/mairon/projetos/clean-node-api/src/presentation/error/invalid-param-error.ts","statementMap":{"0":{"start":{"line":3,"column":4},"end":{"line":3,"column":41}},"1":{"start":{"line":4,"column":4},"end":{"line":4,"column":36}},"2":{"start":{"line":1,"column":0},"end":{"line":1,"column":13}}},"fnMap":{"0":{"name":"(anonymous_0)","decl":{"start":{"line":2,"column":2},"end":{"line":2,"column":14}},"loc":{"start":{"line":2,"column":31},"end":{"line":5,"column":3}}}},"branchMap":{},"s":{"0":4,"1":4,"2":6},"f":{"0":4},"b":{}}
,"/home/mairon/projetos/clean-node-api/src/presentation/error/missing-param-error.ts": {"path":"/home/mairon/projetos/clean-node-api/src/presentation/error/missing-param-error.ts","statementMap":{"0":{"start":{"line":3,"column":4},"end":{"line":3,"column":41}},"1":{"start":{"line":4,"column":4},"end":{"line":4,"column":36}},"2":{"start":{"line":1,"column":0},"end":{"line":1,"column":13}}},"fnMap":{"0":{"name":"(anonymous_0)","decl":{"start":{"line":2,"column":2},"end":{"line":2,"column":14}},"loc":{"start":{"line":2,"column":31},"end":{"line":5,"column":3}}}},"branchMap":{},"s":{"0":8,"1":8,"2":6},"f":{"0":8},"b":{}}
,"/home/mairon/projetos/clean-node-api/src/presentation/error/server-error.ts": {"path":"/home/mairon/projetos/clean-node-api/src/presentation/error/server-error.ts","statementMap":{"0":{"start":{"line":3,"column":4},"end":{"line":3,"column":35}},"1":{"start":{"line":4,"column":4},"end":{"line":4,"column":30}},"2":{"start":{"line":5,"column":4},"end":{"line":5,"column":23}},"3":{"start":{"line":1,"column":0},"end":{"line":1,"column":13}}},"fnMap":{"0":{"name":"(anonymous_0)","decl":{"start":{"line":2,"column":2},"end":{"line":2,"column":14}},"loc":{"start":{"line":2,"column":27},"end":{"line":6,"column":3}}}},"branchMap":{},"s":{"0":8,"1":8,"2":8,"3":6},"f":{"0":8},"b":{}}
,"/home/mairon/projetos/clean-node-api/src/presentation/helpers/http-helpers.ts": {"path":"/home/mairon/projetos/clean-node-api/src/presentation/helpers/http-helpers.ts","statementMap":{"0":{"start":{"line":1,"column":0},"end":{"line":1,"column":39}},"1":{"start":{"line":4,"column":26},"end":{"line":7,"column":2}},"2":{"start":{"line":4,"column":59},"end":{"line":7,"column":2}},"3":{"start":{"line":4,"column":13},"end":{"line":4,"column":26}},"4":{"start":{"line":9,"column":35},"end":{"line":12,"column":3}},"5":{"start":{"line":9,"column":67},"end":{"line":12,"column":3}},"6":{"start":{"line":9,"column":13},"end":{"line":9,"column":35}},"7":{"start":{"line":14,"column":18},"end":{"line":17,"column":2}},"8":{"start":{"line":14,"column":48},"end":{"line":17,"column":2}},"9":{"start":{"line":14,"column":13},"end":{"line":14,"column":18}}},"fnMap":{"0":{"name":"(anonymous_0)","decl":{"start":{"line":4,"column":26},"end":{"line":4,"column":27}},"loc":{"start":{"line":4,"column":59},"end":{"line":7,"column":2}}},"1":{"name":"(anonymous_1)","decl":{"start":{"line":9,"column":35},"end":{"line":9,"column":36}},"loc":{"start":{"line":9,"column":66},"end":{"line":12,"column":3}}},"2":{"name":"(anonymous_2)","decl":{"start":{"line":14,"column":18},"end":{"line":14,"column":19}},"loc":{"start":{"line":14,"column":48},"end":{"line":17,"column":2}}}},"branchMap":{"0":{"loc":{"start":{"line":11,"column":24},"end":{"line":11,"column":41}},"type":"cond-expr","locations":[{"start":{"line":11,"column":35},"end":{"line":11,"column":39}},{"start":{"line":11,"column":39},"end":{"line":11,"column":41}}]},"1":{"loc":{"start":{"line":11,"column":24},"end":{"line":11,"column":39}},"type":"binary-expr","locations":[{"start":{"line":11,"column":24},"end":{"line":11,"column":39}},{"start":{"line":11,"column":35},"end":{"line":11,"column":39}}]}},"s":{"0":6,"1":6,"2":6,"3":6,"4":6,"5":3,"6":6,"7":6,"8":4,"9":6},"f":{"0":6,"1":3,"2":4},"b":{"0":[3,0],"1":[3,3]}}
,"/home/mairon/projetos/clean-node-api/src/presentation/protocols/index.ts": {"path":"/home/mairon/projetos/clean-node-api/src/presentation/protocols/index.ts","statementMap":{"0":{"start":{"line":2,"column":0},"end":{"line":2,"column":29}},"1":{"start":{"line":3,"column":0},"end":{"line":3,"column":23}}},"fnMap":{},"branchMap":{},"s":{"0":0,"1":0},"f":{},"b":{}}
,"/home/mairon/projetos/clean-node-api/src/utils/email-validator-adapter.ts": {"path":"/home/mairon/projetos/clean-node-api/src/utils/email-validator-adapter.ts","statementMap":{"0":{"start":{"line":2,"column":0},"end":{"line":2,"column":34}},"1":{"start":{"line":5,"column":20},"end":{"line":5,"column":44}},"2":{"start":{"line":6,"column":4},"end":{"line":6,"column":19}},"3":{"start":{"line":3,"column":0},"end":{"line":3,"column":13}}},"fnMap":{"0":{"name":"(anonymous_1)","decl":{"start":{"line":4,"column":2},"end":{"line":4,"column":10}},"loc":{"start":{"line":4,"column":24},"end":{"line":7,"column":3}}}},"branchMap":{},"s":{"0":5,"1":4,"2":4,"3":5},"f":{"0":4},"b":{}}
}
