TN:
SF:src/data/usecases/add-account/db-add-account-protocols.ts
FNF:0
FNH:0
DA:1,0
DA:2,0
DA:3,0
LF:3
LH:0
BRF:0
BRH:0
end_of_record
TN:
SF:src/data/usecases/add-account/db-add-account.ts
FN:10,(anonymous_0)
FN:15,(anonymous_1)
FNF:2
FNH:2
FNDA:5,(anonymous_0)
FNDA:5,(anonymous_1)
DA:9,1
DA:11,5
DA:12,5
DA:16,5
DA:17,4
DA:21,3
LF:6
LH:6
BRF:0
BRH:0
end_of_record
TN:
SF:src/infra/cryptography/bcrypt-adapter.ts
FN:5,(anonymous_1)
FN:6,(anonymous_2)
FNF:2
FNH:2
FNDA:3,(anonymous_1)
FNDA:3,(anonymous_2)
DA:2,1
DA:4,1
DA:5,3
DA:7,3
DA:8,2
LF:5
LH:5
BRF:0
BRH:0
end_of_record
TN:
SF:src/infra/db/mongodb/account-repository/account-mapper.ts
FN:5,(anonymous_0)
FNF:1
FNH:1
FNDA:1,(anonymous_0)
DA:2,1
DA:3,1
DA:5,1
DA:6,1
DA:7,1
DA:11,1
DA:12,0
DA:15,1
DA:22,1
LF:9
LH:8
BRDA:11,0,0,0
BRDA:16,1,0,1
BRDA:16,1,1,0
BRDA:16,2,0,1
BRDA:16,2,1,1
BRF:5
BRH:3
end_of_record
TN:
SF:src/infra/db/mongodb/account-repository/account.ts
FN:11,(anonymous_0)
FNF:1
FNH:1
FNDA:1,(anonymous_0)
DA:7,1
DA:8,1
DA:10,1
DA:12,1
DA:13,1
DA:14,1
LF:6
LH:6
BRF:0
BRH:0
end_of_record
TN:
SF:src/infra/db/mongodb/helpers/mongo-helpers.ts
FN:6,(anonymous_0)
FN:10,(anonymous_1)
FN:13,(anonymous_2)
FNF:3
FNH:3
FNDA:1,(anonymous_0)
FNDA:1,(anonymous_1)
FNDA:3,(anonymous_2)
DA:1,1
DA:3,1
DA:7,1
DA:11,1
DA:14,3
LF:5
LH:5
BRF:0
BRH:0
end_of_record
TN:
SF:src/infra/errors/index.ts
FNF:0
FNH:0
DA:1,1
LF:1
LH:1
BRF:0
BRH:0
end_of_record
TN:
SF:src/infra/errors/invalid-search.ts
FN:2,(anonymous_0)
FNF:1
FNH:0
FNDA:0,(anonymous_0)
DA:1,1
DA:3,0
DA:4,0
LF:3
LH:1
BRF:0
BRH:0
end_of_record
TN:
SF:src/presentation/controllers/signup/index.ts
FN:17,(anonymous_0)
FN:22,(anonymous_1)
FNF:2
FNH:2
FNDA:11,(anonymous_0)
FNDA:11,(anonymous_1)
DA:1,1
DA:2,1
DA:16,1
DA:18,11
DA:19,11
DA:23,11
DA:24,11
DA:25,11
DA:32,11
DA:33,38
DA:34,4
DA:37,7
DA:39,6
DA:40,1
DA:43,5
DA:44,1
DA:47,4
DA:52,3
DA:54,2
LF:19
LH:19
BRDA:33,0,0,4
BRDA:39,1,0,1
BRDA:43,2,0,1
BRF:3
BRH:3
end_of_record
TN:
SF:src/presentation/controllers/signup/signup-protocols.ts
FNF:0
FNH:0
DA:2,0
DA:3,0
DA:4,0
DA:5,0
LF:4
LH:0
BRF:0
BRH:0
end_of_record
TN:
SF:src/presentation/error/index.ts
FNF:0
FNH:0
DA:1,1
DA:2,1
DA:3,1
LF:3
LH:3
BRF:0
BRH:0
end_of_record
TN:
SF:src/presentation/error/invalid-param-error.ts
FN:2,(anonymous_0)
FNF:1
FNH:1
FNDA:4,(anonymous_0)
DA:1,1
DA:3,4
DA:4,4
LF:3
LH:3
BRF:0
BRH:0
end_of_record
TN:
SF:src/presentation/error/missing-param-error.ts
FN:2,(anonymous_0)
FNF:1
FNH:1
FNDA:8,(anonymous_0)
DA:1,1
DA:3,8
DA:4,8
LF:3
LH:3
BRF:0
BRH:0
end_of_record
TN:
SF:src/presentation/error/server-error.ts
FN:2,(anonymous_0)
FNF:1
FNH:1
FNDA:6,(anonymous_0)
DA:1,1
DA:3,6
DA:4,6
LF:3
LH:3
BRF:0
BRH:0
end_of_record
TN:
SF:src/presentation/helpers/http-helpers.ts
FN:3,(anonymous_0)
FN:8,(anonymous_1)
FN:13,(anonymous_2)
FNF:3
FNH:3
FNDA:6,(anonymous_0)
FNDA:2,(anonymous_1)
FNDA:3,(anonymous_2)
DA:3,6
DA:8,2
DA:13,3
LF:3
LH:3
BRF:0
BRH:0
end_of_record
TN:
SF:src/presentation/protocols/index.ts
FNF:0
FNH:0
DA:2,0
DA:3,0
LF:2
LH:0
BRF:0
BRH:0
end_of_record
TN:
SF:src/utils/email-validator-adapter.ts
FN:4,(anonymous_1)
FNF:1
FNH:1
FNDA:3,(anonymous_1)
DA:2,1
DA:3,1
DA:5,3
DA:6,3
LF:4
LH:4
BRF:0
BRH:0
end_of_record
